________________________________________________________________________________
Frame3DD version: 20140514+               http://frame3dd.sf.net/
GPL Copyright (C) 1992-2014, Henri P. Gavin 
Frame3DD is distributed in the hope that it will be useful but with no warranty.
For details see the GNU Public Licence: http://www.fsf.org/copyleft/gpl.html
________________________________________________________________________________

Warren truss bridge Prototype-00 - 2D analysis (N cm) 
Fri Oct  3 13:37:17 2014
________________________________________________________________________________
In 2D problems the Y-axis is vertical.  In 3D problems the Z-axis is vertical.
________________________________________________________________________________
   11 NODES             11 FIXED NODES       19 FRAME ELEMENTS   1 LOAD CASES   
________________________________________________________________________________
N O D E   D A T A                                           R E S T R A I N T S
  Node       X              Y              Z         radius  Fx Fy Fz Mx My Mz
    1       0.000000       0.000000       0.000000    0.000   1  1  1  1  1  0
    2       3.500000       0.000000       0.000000    0.000   0  0  1  1  1  0
    3       7.000000       0.000000       0.000000    0.000   0  0  1  1  1  0
    4      10.500000       0.000000       0.000000    0.000   0  0  1  1  1  0
    5      14.000000       0.000000       0.000000    0.000   0  0  1  1  1  0
    6      17.500000       0.000000       0.000000    0.000   1  1  1  1  1  0
    7       1.750000       3.000000       0.000000    0.000   0  0  1  1  1  0
    8       5.250000       3.000000       0.000000    0.000   0  0  1  1  1  0
    9       8.750000       3.000000       0.000000    0.000   0  0  1  1  1  0
   10      12.250000       3.000000       0.000000    0.000   0  0  1  1  1  0
   11      15.750000       3.000000       0.000000    0.000   0  0  1  1  1  0
F R A M E   E L E M E N T   D A T A					(local)
  Elmnt  J1    J2     Ax   Asy   Asz    Jxx     Iyy     Izz       E       G roll  density
    1     1     2    0.2   0.1   0.1    0.1     0.1     0.0   3000.0   150.0   0 1.00e-07
    2     2     3    0.2   0.1   0.1    0.1     0.1     0.0   3000.0   150.0   0 1.00e-07
    3     3     4    0.2   0.1   0.1    0.1     0.1     0.0   3000.0   150.0   0 1.00e-07
    4     4     5    0.2   0.1   0.1    0.1     0.1     0.0   3000.0   150.0   0 1.00e-07
    5     5     6    0.2   0.1   0.1    0.1     0.1     0.0   3000.0   150.0   0 1.00e-07
    6     6    11    0.2   0.1   0.1    0.1     0.1     0.0   3000.0   150.0   0 1.00e-07
    7    11     1    0.2   0.1   0.1    0.1     0.1     0.0   3000.0   150.0   0 1.00e-07
    8    10     9    0.2   0.1   0.1    0.1     0.1     0.0   3000.0   150.0   0 1.00e-07
    9     9     8    0.2   0.1   0.1    0.1     0.1     0.0   3000.0   150.0   0 1.00e-07
   10     8     7    0.2   0.1   0.1    0.1     0.1     0.0   3000.0   150.0   0 1.00e-07
   11     7     1    0.2   0.1   0.1    0.1     0.1     0.0   3000.0   150.0   0 1.00e-07
   12     7     2    0.2   0.1   0.1    0.1     0.1     0.0   3000.0   150.0   0 1.00e-07
   13     8     2    0.2   0.1   0.1    0.1     0.1     0.0   3000.0   150.0   0 1.00e-07
   14     8     3    0.2   0.1   0.1    0.1     0.1     0.0   3000.0   150.0   0 1.00e-07
   15     9     3    0.2   0.1   0.1    0.1     0.1     0.0   3000.0   150.0   0 1.00e-07
   16     9     4    0.2   0.1   0.1    0.1     0.1     0.0   3000.0   150.0   0 1.00e-07
   17    10     4    0.2   0.1   0.1    0.1     0.1     0.0   3000.0   150.0   0 1.00e-07
   18    10     5    0.2   0.1   0.1    0.1     0.1     0.0   3000.0   150.0   0 1.00e-07
   19    11     5    0.2   0.1   0.1    0.1     0.1     0.0   3000.0   150.0   0 1.00e-07
  Neglect shear deformations.
  Neglect geometric stiffness.

L O A D   C A S E   1   O F   1  ... 

   Gravity X =  0.0    Gravity Y =  0.0    Gravity Z =  0.0 
   5 concentrated loads
   0 uniformly distributed loads
   0 trapezoidally distributed loads
   0 concentrated point loads
   0 temperature loads
   1 prescribed displacements
 N O D A L   L O A D S  +  E Q U I V A L E N T   N O D A L   L O A D S  (global)
  Node        Fx          Fy          Fz          Mxx         Myy         Mzz
     7       0.000     -10.000       0.000       0.000       0.000       0.000
     8       0.000     -10.000       0.000       0.000       0.000       0.000
     9       0.000     -10.000       0.000       0.000       0.000       0.000
    10       0.000     -10.000       0.000       0.000       0.000       0.000
    11       0.000     -10.000       0.000       0.000       0.000       0.000

 P R E S C R I B E D   D I S P L A C E M E N T S                        (global)
  Node        Dx          Dy          Dz          Dxx         Dyy         Dzz
     1       0.100       0.000       0.000       0.000       0.000       0.000

E L A S T I C   S T I F F N E S S   A N A L Y S I S   via  L D L'  decomposition


L O A D   C A S E   1   O F   1  ... 

N O D E   D I S P L A C E M E N T S  					(global)
  Node    X-dsp       Y-dsp       Z-dsp       X-rot       Y-rot       Z-rot
     1    0.100000    0.0         0.0         0.0         0.0        -0.141229
     2    0.076420   -0.549560    0.0         0.0         0.0        -0.121518
     3    0.106669   -0.882702    0.0         0.0         0.0        -0.054542
     4    0.138879   -0.939165    0.0         0.0         0.0         0.004086
     5    0.122132   -0.751225    0.0         0.0         0.0         0.128945
     6    0.0         0.0         0.0         0.0         0.0         0.198552
     7    0.405253   -0.301290    0.0         0.0         0.0        -0.124435
     8    0.324235   -0.754860    0.0         0.0         0.0        -0.091328
     9    0.214330   -0.949269    0.0         0.0         0.0        -0.016133
    10    0.127998   -0.876430    0.0         0.0         0.0         0.005092
    11   -0.362250   -0.360029    0.0         0.0         0.0         0.146825
F R A M E   E L E M E N T   E N D   F O R C E S				(local)
  Elmnt  Node       Nx          Vy         Vz        Txx        Myy        Mzz
     1      1      5.053c      0.754      0.0        0.0        0.0        1.150
     1      2     -5.053c     -0.754      0.0        0.0        0.0        1.488
     2      2     -6.482t      0.210      0.0        0.0        0.0       -0.206
     2      3      6.482t     -0.210      0.0        0.0        0.0        0.942
     3      3     -6.902t     -0.267      0.0        0.0        0.0       -0.970
     3      4      6.902t      0.267      0.0        0.0        0.0        0.035
     4      4      3.589c      0.377      0.0        0.0        0.0       -0.411
     4      5     -3.589c     -0.377      0.0        0.0        0.0        1.729
     5      5     26.171c     -1.495      0.0        0.0        0.0       -3.214
     5      6    -26.171c      1.495      0.0        0.0        0.0       -2.020
     6      6     27.740c      0.906      0.0        0.0        0.0        2.020
     6     11    -27.740c     -0.906      0.0        0.0        0.0        1.127
     7     11     24.392c      0.027      0.0        0.0        0.0        0.757
     7      1    -24.392c     -0.027      0.0        0.0        0.0       -0.320
     8     10     18.500c     -0.774      0.0        0.0        0.0       -1.172
     8      9    -18.500c      0.774      0.0        0.0        0.0       -1.536
     9      9     23.551c      0.053      0.0        0.0        0.0        0.738
     9      8    -23.551c     -0.053      0.0        0.0        0.0       -0.551
    10      8     17.361c      0.638      0.0        0.0        0.0        1.400
    10      7    -17.361c     -0.638      0.0        0.0        0.0        0.833
    11      7     22.985c     -0.394      0.0        0.0        0.0       -0.539
    11      1    -22.985c      0.394      0.0        0.0        0.0       -0.829
    12      7    -10.530t     -0.154      0.0        0.0        0.0       -0.293
    12      2     10.530t      0.154      0.0        0.0        0.0       -0.243
    13      8     11.330c     -0.448      0.0        0.0        0.0       -0.517
    13      2    -11.330c      0.448      0.0        0.0        0.0       -1.038
    14      8     -0.173t     -0.008      0.0        0.0        0.0       -0.332
    14      3      0.173t      0.008      0.0        0.0        0.0        0.303
    15      9      0.702c      0.033      0.0        0.0        0.0        0.389
    15      3     -0.702c     -0.033      0.0        0.0        0.0       -0.275
    16      9     10.094c      0.337      0.0        0.0        0.0        0.410
    16      4    -10.094c     -0.337      0.0        0.0        0.0        0.759
    17     10    -10.518t     -0.215      0.0        0.0        0.0       -0.365
    17      4     10.518t      0.215      0.0        0.0        0.0       -0.383
    18     10     23.992c      1.502      0.0        0.0        0.0        1.538
    18      5    -23.992c     -1.502      0.0        0.0        0.0        3.677
    19     11    -20.264t     -1.174      0.0        0.0        0.0       -1.884
    19      5     20.264t      1.174      0.0        0.0        0.0       -2.193
R E A C T I O N S							(global)
  Node        Fx          Fy          Fz         Mxx         Myy         Mzz
     1      40.931      25.000       0.000       0.000       0.000       0.0  
     2       0.0         0.0         0.000       0.000       0.000       0.0  
     3       0.0         0.0         0.000       0.000       0.000       0.0  
     4       0.0         0.0         0.000       0.000       0.000       0.0  
     5       0.0         0.0         0.000       0.000       0.000       0.0  
     6     -40.931      25.000       0.000       0.000       0.000       0.0  
     7       0.0         0.0         0.000       0.000       0.000       0.0  
     8       0.0         0.0         0.000       0.000       0.000       0.0  
     9       0.0         0.0         0.000       0.000       0.000       0.0  
    10       0.0         0.0         0.000       0.000       0.000       0.0  
    11       0.0         0.0         0.000       0.000       0.000       0.0  
R M S    R E L A T I V E    E Q U I L I B R I U M    E R R O R: 1.521e-17

________________________________________________________________________________
Frame3DD version: 20140514+               http://frame3dd.sf.net/
GPL Copyright (C) 1992-2014, Henri P. Gavin 
Frame3DD is distributed in the hope that it will be useful but with no warranty.
For details see the GNU Public Licence: http://www.fsf.org/copyleft/gpl.html
________________________________________________________________________________

Warren truss bridge Prototype-00 - 2D analysis (N cm) 
Fri Oct  3 13:44:25 2014
________________________________________________________________________________
In 2D problems the Y-axis is vertical.  In 3D problems the Z-axis is vertical.
________________________________________________________________________________
   11 NODES             11 FIXED NODES       19 FRAME ELEMENTS   1 LOAD CASES   
________________________________________________________________________________
N O D E   D A T A                                           R E S T R A I N T S
  Node       X              Y              Z         radius  Fx Fy Fz Mx My Mz
    1       0.000000       0.000000       0.000000    0.000   1  1  1  1  1  0
    2       3.500000       0.000000       0.000000    0.000   0  0  1  1  1  0
    3       7.000000       0.000000       0.000000    0.000   0  0  1  1  1  0
    4      10.500000       0.000000       0.000000    0.000   0  0  1  1  1  0
    5      14.000000       0.000000       0.000000    0.000   0  0  1  1  1  0
    6      17.500000       0.000000       0.000000    0.000   1  0  1  1  1  0
    7       1.750000       3.000000       0.000000    0.000   0  0  1  1  1  0
    8       5.250000       3.000000       0.000000    0.000   0  0  1  1  1  0
    9       8.750000       3.000000       0.000000    0.000   0  0  1  1  1  0
   10      12.250000       3.000000       0.000000    0.000   0  0  1  1  1  0
   11      15.750000       3.000000       0.000000    0.000   0  0  1  1  1  0
F R A M E   E L E M E N T   D A T A					(local)
  Elmnt  J1    J2     Ax   Asy   Asz    Jxx     Iyy     Izz       E       G roll  density
    1     1     2    0.2   0.1   0.1    0.1     0.1     0.0   3000.0   150.0   0 1.00e-07
    2     2     3    0.2   0.1   0.1    0.1     0.1     0.0   3000.0   150.0   0 1.00e-07
    3     3     4    0.2   0.1   0.1    0.1     0.1     0.0   3000.0   150.0   0 1.00e-07
    4     4     5    0.2   0.1   0.1    0.1     0.1     0.0   3000.0   150.0   0 1.00e-07
    5     5     6    0.2   0.1   0.1    0.1     0.1     0.0   3000.0   150.0   0 1.00e-07
    6     6    11    0.2   0.1   0.1    0.1     0.1     0.0   3000.0   150.0   0 1.00e-07
    7    11     1    0.2   0.1   0.1    0.1     0.1     0.0   3000.0   150.0   0 1.00e-07
    8    10     9    0.2   0.1   0.1    0.1     0.1     0.0   3000.0   150.0   0 1.00e-07
    9     9     8    0.2   0.1   0.1    0.1     0.1     0.0   3000.0   150.0   0 1.00e-07
   10     8     7    0.2   0.1   0.1    0.1     0.1     0.0   3000.0   150.0   0 1.00e-07
   11     7     1    0.2   0.1   0.1    0.1     0.1     0.0   3000.0   150.0   0 1.00e-07
   12     7     2    0.2   0.1   0.1    0.1     0.1     0.0   3000.0   150.0   0 1.00e-07
   13     8     2    0.2   0.1   0.1    0.1     0.1     0.0   3000.0   150.0   0 1.00e-07
   14     8     3    0.2   0.1   0.1    0.1     0.1     0.0   3000.0   150.0   0 1.00e-07
   15     9     3    0.2   0.1   0.1    0.1     0.1     0.0   3000.0   150.0   0 1.00e-07
   16     9     4    0.2   0.1   0.1    0.1     0.1     0.0   3000.0   150.0   0 1.00e-07
   17    10     4    0.2   0.1   0.1    0.1     0.1     0.0   3000.0   150.0   0 1.00e-07
   18    10     5    0.2   0.1   0.1    0.1     0.1     0.0   3000.0   150.0   0 1.00e-07
   19    11     5    0.2   0.1   0.1    0.1     0.1     0.0   3000.0   150.0   0 1.00e-07
  Neglect shear deformations.
  Neglect geometric stiffness.

L O A D   C A S E   1   O F   1  ... 

   Gravity X =  0.0    Gravity Y =  0.0    Gravity Z =  0.0 
   5 concentrated loads
   0 uniformly distributed loads
   0 trapezoidally distributed loads
   0 concentrated point loads
   0 temperature loads
   1 prescribed displacements
 N O D A L   L O A D S  +  E Q U I V A L E N T   N O D A L   L O A D S  (global)
  Node        Fx          Fy          Fz          Mxx         Myy         Mzz
     7       0.000     -10.000       0.000       0.000       0.000       0.000
     8       0.000     -10.000       0.000       0.000       0.000       0.000
     9       0.000     -10.000       0.000       0.000       0.000       0.000
    10       0.000     -10.000       0.000       0.000       0.000       0.000
    11       0.000     -10.000       0.000       0.000       0.000       0.000

 P R E S C R I B E D   D I S P L A C E M E N T S                        (global)
  Node        Dx          Dy          Dz          Dxx         Dyy         Dzz
     1       0.100       0.000       0.000       0.000       0.000       0.000

E L A S T I C   S T I F F N E S S   A N A L Y S I S   via  L D L'  decomposition


L O A D   C A S E   1   O F   1  ... 

N O D E   D I S P L A C E M E N T S  					(global)
  Node    X-dsp       Y-dsp       Z-dsp       X-rot       Y-rot       Z-rot
     1    0.100000    0.0         0.0         0.0         0.0      -161865445302231.500000
     2    0.187301 -566529058557810.125000    0.0         0.0         0.0      -161865445302231.562500
     3    0.096513 -1133058117115620.500000    0.0         0.0         0.0      -161865445302231.593750
     4   -0.055815 -1699587175673431.500000    0.0         0.0         0.0      -161865445302231.781250
     5   -0.208393 -2266116234231242.500000    0.0         0.0         0.0      -161865445302231.937500
     6    0.0      -2832645292789054.500000    0.0         0.0         0.0      -161865445302231.718750
     7 485596335906694.750000 -283264529278905.062500    0.0         0.0         0.0      -161865445302231.500000
     8 485596335906694.812500 -849793587836715.125000    0.0         0.0         0.0      -161865445302231.437500
     9 485596335906695.000000 -1416322646394526.000000    0.0         0.0         0.0      -161865445302231.781250
    10 485596335906694.812500 -1982851704952336.750000    0.0         0.0         0.0      -161865445302231.593750
    11 485596335906695.437500 -2549380763510149.000000    0.0         0.0         0.0      -161865445302231.906250
F R A M E   E L E M E N T   E N D   F O R C E S				(local)
  Elmnt  Node       Nx          Vy         Vz        Txx        Myy        Mzz
     1      1    -18.707t     -2.167      0.0        0.0        0.0       -2.248
     1      2     18.707t      2.167      0.0        0.0        0.0       -3.319
     2      2     19.455c     -0.986      0.0        0.0        0.0       -1.926
     2      3    -19.455c      0.986      0.0        0.0        0.0       -2.462
     3      3     32.642c      0.588      0.0        0.0        0.0        3.788
     3      4    -32.642c     -0.588      0.0        0.0        0.0        0.574
     4      4     32.695c     -4.922      0.0        0.0        0.0       -5.319
     4      5    -32.695c      4.922      0.0        0.0        0.0       -7.998
     5      5    -44.656t      5.311      0.0        0.0        0.0        7.073
     5      6     44.656t     -5.311      0.0        0.0        0.0       10.823
     6      6     38.852c     -0.011      0.0        0.0        0.0        1.189
     6     11    -38.852c      0.011      0.0        0.0        0.0       -2.051
     7     11    -14.266t     -0.068      0.0        0.0        0.0       -1.265
     7      1     14.266t      0.068      0.0        0.0        0.0        0.256
     8     10     40.179c     -1.511      0.0        0.0        0.0       -0.212
     8      9    -40.179c      1.511      0.0        0.0        0.0       -3.426
     9      9    -40.179t      1.375      0.0        0.0        0.0        1.252
     9      8     40.179t     -1.375      0.0        0.0        0.0        7.145
    10      8    -13.393t     -1.380      0.0        0.0        0.0       -1.033
    10      7     13.393t      1.380      0.0        0.0        0.0       -2.105
    11      7    -34.769t      1.259      0.0        0.0        0.0        1.765
    11      1     34.769t     -1.259      0.0        0.0        0.0        1.765
    12      7     25.273c     -0.210      0.0        0.0        0.0       -0.314
    12      2    -25.273c      0.210      0.0        0.0        0.0       -1.394
    13      8    -43.732t      1.259      0.0        0.0        0.0        2.845
    13      2     43.732t     -1.259      0.0        0.0        0.0        0.686
    14      8    -16.340t      3.407      0.0        0.0        0.0        5.305
    14      3     16.340t     -3.407      0.0        0.0        0.0        2.606
    15      9     19.256c     -0.577      0.0        0.0        0.0       -3.572
    15      3    -19.256c      0.577      0.0        0.0        0.0       -0.333
    16      9     -2.679t     -1.764      0.0        0.0        0.0       -3.811
    16      4      2.679t      1.764      0.0        0.0        0.0       -3.811
    17     10    -23.553t     -1.651      0.0        0.0        0.0       -2.333
    17      4     23.553t      1.651      0.0        0.0        0.0       -5.572
    18     10    -53.110t     -0.294      0.0        0.0        0.0        0.968
    18      5     53.110t      0.294      0.0        0.0        0.0       -4.971
    19     11    125.001c      2.166      0.0        0.0        0.0        4.170
    19      5   -125.001c     -2.166      0.0        0.0        0.0        3.631
R E A C T I O N S							(global)
  Node        Fx          Fy          Fz         Mxx         Myy         Mzz
     1     -61.295     -28.919       0.000       0.000       0.000       0.0  
     2       0.0         0.0         0.000       0.000       0.000       0.0  
     3       0.0         0.0         0.000       0.000       0.000       0.0  
     4       0.0         0.0         0.000       0.000       0.000       0.0  
     5       0.0         0.0         0.000       0.000       0.000       0.0  
     6      16.973       0.0         0.000       0.000       0.000       0.0  
     7       0.0         0.0         0.000       0.000       0.000       0.0  
     8       0.0         0.0         0.000       0.000       0.000       0.0  
     9       0.0         0.0         0.000       0.000       0.000       0.0  
    10       0.0         0.0         0.000       0.000       0.000       0.0  
    11       0.0         0.0         0.000       0.000       0.000       0.0  
R M S    R E L A T I V E    E Q U I L I B R I U M    E R R O R: 1.000e+00
________________________________________________________________________________
Frame3DD version: 20140514+               http://frame3dd.sf.net/
GPL Copyright (C) 1992-2014, Henri P. Gavin 
Frame3DD is distributed in the hope that it will be useful but with no warranty.
For details see the GNU Public Licence: http://www.fsf.org/copyleft/gpl.html
________________________________________________________________________________

Warren truss bridge Prototype-00 - 2D analysis (N cm) 
Fri Oct  3 13:45:17 2014
________________________________________________________________________________
In 2D problems the Y-axis is vertical.  In 3D problems the Z-axis is vertical.
________________________________________________________________________________
   11 NODES             11 FIXED NODES       19 FRAME ELEMENTS   1 LOAD CASES   
________________________________________________________________________________
N O D E   D A T A                                           R E S T R A I N T S
  Node       X              Y              Z         radius  Fx Fy Fz Mx My Mz
    1       0.000000       0.000000       0.000000    0.000   1  1  1  1  1  0
    2       3.500000       0.000000       0.000000    0.000   0  0  1  1  1  0
    3       7.000000       0.000000       0.000000    0.000   0  0  1  1  1  0
    4      10.500000       0.000000       0.000000    0.000   0  0  1  1  1  0
    5      14.000000       0.000000       0.000000    0.000   0  0  1  1  1  0
    6      17.500000       0.000000       0.000000    0.000   1  1  1  1  1  0
    7       1.750000       3.000000       0.000000    0.000   0  0  1  1  1  0
    8       5.250000       3.000000       0.000000    0.000   0  0  1  1  1  0
    9       8.750000       3.000000       0.000000    0.000   0  0  1  1  1  0
   10      12.250000       3.000000       0.000000    0.000   0  0  1  1  1  0
   11      15.750000       3.000000       0.000000    0.000   0  0  1  1  1  0
F R A M E   E L E M E N T   D A T A					(local)
  Elmnt  J1    J2     Ax   Asy   Asz    Jxx     Iyy     Izz       E       G roll  density
    1     1     2    0.2   0.1   0.1    0.1     0.1     0.0   3000.0   150.0   0 1.00e-07
    2     2     3    0.2   0.1   0.1    0.1     0.1     0.0   3000.0   150.0   0 1.00e-07
    3     3     4    0.2   0.1   0.1    0.1     0.1     0.0   3000.0   150.0   0 1.00e-07
    4     4     5    0.2   0.1   0.1    0.1     0.1     0.0   3000.0   150.0   0 1.00e-07
    5     5     6    0.2   0.1   0.1    0.1     0.1     0.0   3000.0   150.0   0 1.00e-07
    6     6    11    0.2   0.1   0.1    0.1     0.1     0.0   3000.0   150.0   0 1.00e-07
    7    11     1    0.2   0.1   0.1    0.1     0.1     0.0   3000.0   150.0   0 1.00e-07
    8    10     9    0.2   0.1   0.1    0.1     0.1     0.0   3000.0   150.0   0 1.00e-07
    9     9     8    0.2   0.1   0.1    0.1     0.1     0.0   3000.0   150.0   0 1.00e-07
   10     8     7    0.2   0.1   0.1    0.1     0.1     0.0   3000.0   150.0   0 1.00e-07
   11     7     1    0.2   0.1   0.1    0.1     0.1     0.0   3000.0   150.0   0 1.00e-07
   12     7     2    0.2   0.1   0.1    0.1     0.1     0.0   3000.0   150.0   0 1.00e-07
   13     8     2    0.2   0.1   0.1    0.1     0.1     0.0   3000.0   150.0   0 1.00e-07
   14     8     3    0.2   0.1   0.1    0.1     0.1     0.0   3000.0   150.0   0 1.00e-07
   15     9     3    0.2   0.1   0.1    0.1     0.1     0.0   3000.0   150.0   0 1.00e-07
   16     9     4    0.2   0.1   0.1    0.1     0.1     0.0   3000.0   150.0   0 1.00e-07
   17    10     4    0.2   0.1   0.1    0.1     0.1     0.0   3000.0   150.0   0 1.00e-07
   18    10     5    0.2   0.1   0.1    0.1     0.1     0.0   3000.0   150.0   0 1.00e-07
   19    11     5    0.2   0.1   0.1    0.1     0.1     0.0   3000.0   150.0   0 1.00e-07
  Neglect shear deformations.
  Neglect geometric stiffness.

L O A D   C A S E   1   O F   1  ... 

   Gravity X =  0.0    Gravity Y =  0.0    Gravity Z =  0.0 
   5 concentrated loads
   0 uniformly distributed loads
   0 trapezoidally distributed loads
   0 concentrated point loads
   0 temperature loads
   1 prescribed displacements
 N O D A L   L O A D S  +  E Q U I V A L E N T   N O D A L   L O A D S  (global)
  Node        Fx          Fy          Fz          Mxx         Myy         Mzz
     7       0.000     -10.000       0.000       0.000       0.000       0.000
     8       0.000     -10.000       0.000       0.000       0.000       0.000
     9       0.000     -10.000       0.000       0.000       0.000       0.000
    10       0.000     -10.000       0.000       0.000       0.000       0.000
    11       0.000     -10.000       0.000       0.000       0.000       0.000

 P R E S C R I B E D   D I S P L A C E M E N T S                        (global)
  Node        Dx          Dy          Dz          Dxx         Dyy         Dzz
     1       0.100       0.000       0.000       0.000       0.000       0.000

E L A S T I C   S T I F F N E S S   A N A L Y S I S   via  L D L'  decomposition


L O A D   C A S E   1   O F   1  ... 

N O D E   D I S P L A C E M E N T S  					(global)
  Node    X-dsp       Y-dsp       Z-dsp       X-rot       Y-rot       Z-rot
     1    0.100000    0.0         0.0         0.0         0.0        -0.141229
     2    0.076420   -0.549560    0.0         0.0         0.0        -0.121518
     3    0.106669   -0.882702    0.0         0.0         0.0        -0.054542
     4    0.138879   -0.939165    0.0         0.0         0.0         0.004086
     5    0.122132   -0.751225    0.0         0.0         0.0         0.128945
     6    0.0         0.0         0.0         0.0         0.0         0.198552
     7    0.405253   -0.301290    0.0         0.0         0.0        -0.124435
     8    0.324235   -0.754860    0.0         0.0         0.0        -0.091328
     9    0.214330   -0.949269    0.0         0.0         0.0        -0.016133
    10    0.127998   -0.876430    0.0         0.0         0.0         0.005092
    11   -0.362250   -0.360029    0.0         0.0         0.0         0.146825
F R A M E   E L E M E N T   E N D   F O R C E S				(local)
  Elmnt  Node       Nx          Vy         Vz        Txx        Myy        Mzz
     1      1      5.053c      0.754      0.0        0.0        0.0        1.150
     1      2     -5.053c     -0.754      0.0        0.0        0.0        1.488
     2      2     -6.482t      0.210      0.0        0.0        0.0       -0.206
     2      3      6.482t     -0.210      0.0        0.0        0.0        0.942
     3      3     -6.902t     -0.267      0.0        0.0        0.0       -0.970
     3      4      6.902t      0.267      0.0        0.0        0.0        0.035
     4      4      3.589c      0.377      0.0        0.0        0.0       -0.411
     4      5     -3.589c     -0.377      0.0        0.0        0.0        1.729
     5      5     26.171c     -1.495      0.0        0.0        0.0       -3.214
     5      6    -26.171c      1.495      0.0        0.0        0.0       -2.020
     6      6     27.740c      0.906      0.0        0.0        0.0        2.020
     6     11    -27.740c     -0.906      0.0        0.0        0.0        1.127
     7     11     24.392c      0.027      0.0        0.0        0.0        0.757
     7      1    -24.392c     -0.027      0.0        0.0        0.0       -0.320
     8     10     18.500c     -0.774      0.0        0.0        0.0       -1.172
     8      9    -18.500c      0.774      0.0        0.0        0.0       -1.536
     9      9     23.551c      0.053      0.0        0.0        0.0        0.738
     9      8    -23.551c     -0.053      0.0        0.0        0.0       -0.551
    10      8     17.361c      0.638      0.0        0.0        0.0        1.400
    10      7    -17.361c     -0.638      0.0        0.0        0.0        0.833
    11      7     22.985c     -0.394      0.0        0.0        0.0       -0.539
    11      1    -22.985c      0.394      0.0        0.0        0.0       -0.829
    12      7    -10.530t     -0.154      0.0        0.0        0.0       -0.293
    12      2     10.530t      0.154      0.0        0.0        0.0       -0.243
    13      8     11.330c     -0.448      0.0        0.0        0.0       -0.517
    13      2    -11.330c      0.448      0.0        0.0        0.0       -1.038
    14      8     -0.173t     -0.008      0.0        0.0        0.0       -0.332
    14      3      0.173t      0.008      0.0        0.0        0.0        0.303
    15      9      0.702c      0.033      0.0        0.0        0.0        0.389
    15      3     -0.702c     -0.033      0.0        0.0        0.0       -0.275
    16      9     10.094c      0.337      0.0        0.0        0.0        0.410
    16      4    -10.094c     -0.337      0.0        0.0        0.0        0.759
    17     10    -10.518t     -0.215      0.0        0.0        0.0       -0.365
    17      4     10.518t      0.215      0.0        0.0        0.0       -0.383
    18     10     23.992c      1.502      0.0        0.0        0.0        1.538
    18      5    -23.992c     -1.502      0.0        0.0        0.0        3.677
    19     11    -20.264t     -1.174      0.0        0.0        0.0       -1.884
    19      5     20.264t      1.174      0.0        0.0        0.0       -2.193
R E A C T I O N S							(global)
  Node        Fx          Fy          Fz         Mxx         Myy         Mzz
     1      40.931      25.000       0.000       0.000       0.000       0.0  
     2       0.0         0.0         0.000       0.000       0.000       0.0  
     3       0.0         0.0         0.000       0.000       0.000       0.0  
     4       0.0         0.0         0.000       0.000       0.000       0.0  
     5       0.0         0.0         0.000       0.000       0.000       0.0  
     6     -40.931      25.000       0.000       0.000       0.000       0.0  
     7       0.0         0.0         0.000       0.000       0.000       0.0  
     8       0.0         0.0         0.000       0.000       0.000       0.0  
     9       0.0         0.0         0.000       0.000       0.000       0.0  
    10       0.0         0.0         0.000       0.000       0.000       0.0  
    11       0.0         0.0         0.000       0.000       0.000       0.0  
R M S    R E L A T I V E    E Q U I L I B R I U M    E R R O R: 1.521e-17

________________________________________________________________________________
Frame3DD version: 20140514+               http://frame3dd.sf.net/
GPL Copyright (C) 1992-2014, Henri P. Gavin 
Frame3DD is distributed in the hope that it will be useful but with no warranty.
For details see the GNU Public Licence: http://www.fsf.org/copyleft/gpl.html
________________________________________________________________________________

Warren truss bridge Prototype-00 - 2D analysis (N cm) 
Fri Oct  3 13:46:59 2014
________________________________________________________________________________
In 2D problems the Y-axis is vertical.  In 3D problems the Z-axis is vertical.
________________________________________________________________________________
   11 NODES             11 FIXED NODES       19 FRAME ELEMENTS   1 LOAD CASES   
________________________________________________________________________________
N O D E   D A T A                                           R E S T R A I N T S
  Node       X              Y              Z         radius  Fx Fy Fz Mx My Mz
    1       0.000000       0.000000       0.000000    0.000   1  1  1  1  1  0
    2       3.500000       0.000000       0.000000    0.000   0  0  1  1  1  0
    3       7.000000       0.000000       0.000000    0.000   0  0  1  1  1  0
    4      10.500000       0.000000       0.000000    0.000   0  0  1  1  1  0
    5      14.000000       0.000000       0.000000    0.000   0  0  1  1  1  0
    6      17.500000       0.000000       0.000000    0.000   1  0  1  1  1  0
    7       1.750000       3.000000       0.000000    0.000   0  1  1  1  1  0
    8       5.250000       3.000000       0.000000    0.000   0  0  1  1  1  0
    9       8.750000       3.000000       0.000000    0.000   0  0  1  1  1  0
   10      12.250000       3.000000       0.000000    0.000   0  0  1  1  1  0
   11      15.750000       3.000000       0.000000    0.000   0  0  1  1  1  0
F R A M E   E L E M E N T   D A T A					(local)
  Elmnt  J1    J2     Ax   Asy   Asz    Jxx     Iyy     Izz       E       G roll  density
    1     1     2    0.2   0.1   0.1    0.1     0.1     0.0   3000.0   150.0   0 1.00e-07
    2     2     3    0.2   0.1   0.1    0.1     0.1     0.0   3000.0   150.0   0 1.00e-07
    3     3     4    0.2   0.1   0.1    0.1     0.1     0.0   3000.0   150.0   0 1.00e-07
    4     4     5    0.2   0.1   0.1    0.1     0.1     0.0   3000.0   150.0   0 1.00e-07
    5     5     6    0.2   0.1   0.1    0.1     0.1     0.0   3000.0   150.0   0 1.00e-07
    6     6    11    0.2   0.1   0.1    0.1     0.1     0.0   3000.0   150.0   0 1.00e-07
    7    11     1    0.2   0.1   0.1    0.1     0.1     0.0   3000.0   150.0   0 1.00e-07
    8    10     9    0.2   0.1   0.1    0.1     0.1     0.0   3000.0   150.0   0 1.00e-07
    9     9     8    0.2   0.1   0.1    0.1     0.1     0.0   3000.0   150.0   0 1.00e-07
   10     8     7    0.2   0.1   0.1    0.1     0.1     0.0   3000.0   150.0   0 1.00e-07
   11     7     1    0.2   0.1   0.1    0.1     0.1     0.0   3000.0   150.0   0 1.00e-07
   12     7     2    0.2   0.1   0.1    0.1     0.1     0.0   3000.0   150.0   0 1.00e-07
   13     8     2    0.2   0.1   0.1    0.1     0.1     0.0   3000.0   150.0   0 1.00e-07
   14     8     3    0.2   0.1   0.1    0.1     0.1     0.0   3000.0   150.0   0 1.00e-07
   15     9     3    0.2   0.1   0.1    0.1     0.1     0.0   3000.0   150.0   0 1.00e-07
   16     9     4    0.2   0.1   0.1    0.1     0.1     0.0   3000.0   150.0   0 1.00e-07
   17    10     4    0.2   0.1   0.1    0.1     0.1     0.0   3000.0   150.0   0 1.00e-07
   18    10     5    0.2   0.1   0.1    0.1     0.1     0.0   3000.0   150.0   0 1.00e-07
   19    11     5    0.2   0.1   0.1    0.1     0.1     0.0   3000.0   150.0   0 1.00e-07
  Neglect shear deformations.
  Neglect geometric stiffness.

L O A D   C A S E   1   O F   1  ... 

   Gravity X =  0.0    Gravity Y =  0.0    Gravity Z =  0.0 
   5 concentrated loads
   0 uniformly distributed loads
   0 trapezoidally distributed loads
   0 concentrated point loads
   0 temperature loads
   1 prescribed displacements
 N O D A L   L O A D S  +  E Q U I V A L E N T   N O D A L   L O A D S  (global)
  Node        Fx          Fy          Fz          Mxx         Myy         Mzz
     7       0.000     -10.000       0.000       0.000       0.000       0.000
     8       0.000     -10.000       0.000       0.000       0.000       0.000
     9       0.000     -10.000       0.000       0.000       0.000       0.000
    10       0.000     -10.000       0.000       0.000       0.000       0.000
    11       0.000     -10.000       0.000       0.000       0.000       0.000

 P R E S C R I B E D   D I S P L A C E M E N T S                        (global)
  Node        Dx          Dy          Dz          Dxx         Dyy         Dzz
     1       0.100       0.000       0.000       0.000       0.000       0.000

E L A S T I C   S T I F F N E S S   A N A L Y S I S   via  L D L'  decomposition


L O A D   C A S E   1   O F   1  ... 

N O D E   D I S P L A C E M E N T S  					(global)
  Node    X-dsp       Y-dsp       Z-dsp       X-rot       Y-rot       Z-rot
     1    0.100000    0.0         0.0         0.0         0.0        -0.388221
     2   -0.240314   -1.664382    0.0         0.0         0.0        -0.840061
     3   -0.374411   -5.410883    0.0         0.0         0.0        -1.097646
     4   -0.343279   -9.391143    0.0         0.0         0.0        -1.103377
     5   -0.201939  -13.266905    0.0         0.0         0.0        -1.094395
     6    0.0       -17.110675    0.0         0.0         0.0        -1.058632
     7    2.163071    0.0         0.0         0.0         0.0        -0.797889
     8    2.568631   -3.521598    0.0         0.0         0.0        -1.056962
     9    2.796397   -7.439981    0.0         0.0         0.0        -1.106187
    10    2.885763  -11.395608    0.0         0.0         0.0        -1.080918
    11    3.141891  -15.278554    0.0         0.0         0.0        -1.106709
F R A M E   E L E M E N T   E N D   F O R C E S				(local)
  Elmnt  Node       Nx          Vy         Vz        Txx        Myy        Mzz
     1      1     72.924c     -4.073      0.0        0.0        0.0       -3.255
     1      2    -72.924c      4.073      0.0        0.0        0.0      -11.001
     2      2     28.735c      2.985      0.0        0.0        0.0        7.432
     2      3    -28.735c     -2.985      0.0        0.0        0.0        3.016
     3      3     -6.671t      1.079      0.0        0.0        0.0        1.937
     3      4      6.671t     -1.079      0.0        0.0        0.0        1.839
     4      4    -30.287t      0.249      0.0        0.0        0.0        0.359
     4      5     30.287t     -0.249      0.0        0.0        0.0        0.513
     5      5    -43.273t      0.638      0.0        0.0        0.0        0.810
     5      6     43.273t     -0.638      0.0        0.0        0.0        1.423
     6      6      0.121c     -1.059      0.0        0.0        0.0       -1.423
     6     11     -0.121c      1.059      0.0        0.0        0.0       -2.253
     7     11     -6.051t      0.314      0.0        0.0        0.0        1.172
     7      1      6.051t     -0.314      0.0        0.0        0.0        3.861
     8     10    -19.150t      1.076      0.0        0.0        0.0        2.100
     8      9     19.150t     -1.076      0.0        0.0        0.0        1.667
     9      9    -48.807t      1.116      0.0        0.0        0.0        1.530
     9      8     48.807t     -1.116      0.0        0.0        0.0        2.374
    10      8    -86.906t      2.314      0.0        0.0        0.0        1.829
    10      7     86.906t     -2.314      0.0        0.0        0.0        6.270
    11      7   -224.479t     -2.386      0.0        0.0        0.0       -7.683
    11      1    224.479t      2.386      0.0        0.0        0.0       -0.605
    12      7    -48.946t      0.604      0.0        0.0        0.0        1.412
    12      2     48.946t     -0.604      0.0        0.0        0.0        0.684
    13      8     40.787c      0.583      0.0        0.0        0.0       -0.862
    13      2    -40.787c     -0.583      0.0        0.0        0.0        2.886
    14      8    -32.178t     -2.127      0.0        0.0        0.0       -3.342
    14      3     32.178t      2.127      0.0        0.0        0.0       -4.045
    15      9     33.474c     -0.565      0.0        0.0        0.0       -1.056
    15      3    -33.474c      0.565      0.0        0.0        0.0       -0.908
    16      9    -22.324t     -1.219      0.0        0.0        0.0       -2.142
    16      4     22.324t      1.219      0.0        0.0        0.0       -2.093
    17     10     22.543c      0.052      0.0        0.0        0.0        0.284
    17      4    -22.543c     -0.052      0.0        0.0        0.0       -0.104
    18     10    -13.083t     -1.440      0.0        0.0        0.0       -2.384
    18      5     13.083t      1.440      0.0        0.0        0.0       -2.617
    19     11     11.393c      0.684      0.0        0.0        0.0        1.081
    19      5    -11.393c     -0.684      0.0        0.0        0.0        1.294
R E A C T I O N S							(global)
  Node        Fx          Fy          Fz         Mxx         Myy         Mzz
     1     -44.126    -200.000       0.000       0.000       0.000       0.0  
     2       0.0         0.0         0.000       0.000       0.000       0.0  
     3       0.0         0.0         0.000       0.000       0.000       0.0  
     4       0.0         0.0         0.000       0.000       0.000       0.0  
     5       0.0         0.0         0.000       0.000       0.000       0.0  
     6      44.126       0.0         0.000       0.000       0.000       0.0  
     7       0.0       250.000       0.000       0.000       0.000       0.0  
     8       0.0         0.0         0.000       0.000       0.000       0.0  
     9       0.0         0.0         0.000       0.000       0.000       0.0  
    10       0.0         0.0         0.000       0.000       0.000       0.0  
    11       0.0         0.0         0.000       0.000       0.000       0.0  
R M S    R E L A T I V E    E Q U I L I B R I U M    E R R O R: 1.137e-16

________________________________________________________________________________
Frame3DD version: 20140514+               http://frame3dd.sf.net/
GPL Copyright (C) 1992-2014, Henri P. Gavin 
Frame3DD is distributed in the hope that it will be useful but with no warranty.
For details see the GNU Public Licence: http://www.fsf.org/copyleft/gpl.html
________________________________________________________________________________

Warren Truss Prototype-00 (kips in)  
Fri Oct  3 14:48:33 2014
________________________________________________________________________________
In 2D problems the Y-axis is vertical.  In 3D problems the Z-axis is vertical.
________________________________________________________________________________
   11 NODES             11 FIXED NODES       19 FRAME ELEMENTS   1 LOAD CASES   
________________________________________________________________________________
N O D E   D A T A                                           R E S T R A I N T S
  Node       X              Y              Z         radius  Fx Fy Fz Mx My Mz
    1       0.000000       0.000000       0.000000    0.000   1  1  1  1  1  0
    2     120.000000       0.000000       0.000000    0.000   0  0  1  1  1  0
    3     240.000000       0.000000       0.000000    0.000   0  0  1  1  1  0
    4     360.000000       0.000000       0.000000    0.000   0  0  1  1  1  0
    5     480.000000       0.000000       0.000000    0.000   0  0  1  1  1  0
    6     600.000000       0.000000       0.000000    0.000   0  1  1  1  1  0
    7      60.000000     103.900000       0.000000    0.000   1  0  1  1  1  0
    8     180.000000     103.900000       0.000000    0.000   0  0  1  1  1  0
    9     300.000000     103.900000       0.000000    0.000   0  0  1  1  1  0
   10     420.000000     103.900000       0.000000    0.000   0  0  1  1  1  0
   11     540.000000     103.900000       0.000000    0.000   0  0  1  1  1  0
F R A M E   E L E M E N T   D A T A					(local)
  Elmnt  J1    J2     Ax   Asy   Asz    Jxx     Iyy     Izz       E       G roll  density
    1     1     2   10.0   1.0   1.0    1.0     1.0     0.0  29000.0 11500.0   0 7.33e-07
    2     2     3   10.0   1.0   1.0    1.0     1.0     0.0  29000.0 11500.0   0 7.33e-07
    3     3     4   10.0   1.0   1.0    1.0     1.0     0.0  29000.0 11500.0   0 7.33e-07
    4     4     5   10.0   1.0   1.0    1.0     1.0     0.0  29000.0 11500.0   0 7.33e-07
    5     5     6   10.0   1.0   1.0    1.0     1.0     0.0  29000.0 11500.0   0 7.33e-07
    6     1     7   10.0   1.0   1.0    1.0     1.0     0.0  29000.0 11500.0   0 7.33e-07
    7     2     7   10.0   1.0   1.0    1.0     1.0     0.0  29000.0 11500.0   0 7.33e-07
    8     7     8   10.0   1.0   1.0    1.0     1.0     0.0  29000.0 11500.0   0 7.33e-07
    9     2     8   10.0   1.0   1.0    1.0     1.0     0.0  29000.0 11500.0   0 7.33e-07
   10     8     3   10.0   1.0   1.0    1.0     1.0     0.0  29000.0 11500.0   0 7.33e-07
   11     8     9   10.0   1.0   1.0    1.0     1.0     0.0  29000.0 11500.0   0 7.33e-07
   12     3     9   10.0   1.0   1.0    1.0     1.0     0.0  29000.0 11500.0   0 7.33e-07
   13     9     4   10.0   1.0   1.0    1.0     1.0     0.0  29000.0 11500.0   0 7.33e-07
   14     9    10   10.0   1.0   1.0    1.0     1.0     0.0  29000.0 11500.0   0 7.33e-07
   15     4    10   10.0   1.0   1.0    1.0     1.0     0.0  29000.0 11500.0   0 7.33e-07
   16     5    10   10.0   1.0   1.0    1.0     1.0     0.0  29000.0 11500.0   0 7.33e-07
   17    10    11   10.0   1.0   1.0    1.0     1.0     0.0  29000.0 11500.0   0 7.33e-07
   18     5    11   10.0   1.0   1.0    1.0     1.0     0.0  29000.0 11500.0   0 7.33e-07
   19     6    11   10.0   1.0   1.0    1.0     1.0     0.0  29000.0 11500.0   0 7.33e-07
  Neglect shear deformations.
  Neglect geometric stiffness.

L O A D   C A S E   1   O F   1  ... 

   Gravity X =  0.0    Gravity Y =  0.0    Gravity Z =  0.0 
   3 concentrated loads
   0 uniformly distributed loads
   0 trapezoidally distributed loads
   0 concentrated point loads
   0 temperature loads
   1 prescribed displacements
 N O D A L   L O A D S  +  E Q U I V A L E N T   N O D A L   L O A D S  (global)
  Node        Fx          Fy          Fz          Mxx         Myy         Mzz
     8       0.000     -10.000       0.000       0.000       0.000       0.000
     9       0.000     -10.000       0.000       0.000       0.000       0.000
    10       0.000     -10.000       0.000       0.000       0.000       0.000

 P R E S C R I B E D   D I S P L A C E M E N T S                        (global)
  Node        Dx          Dy          Dz          Dxx         Dyy         Dzz
     7       0.100       0.000       0.000       0.000       0.000       0.000

E L A S T I C   S T I F F N E S S   A N A L Y S I S   via  L D L'  decomposition


L O A D   C A S E   1   O F   1  ... 

N O D E   D I S P L A C E M E N T S  					(global)
  Node    X-dsp       Y-dsp       Z-dsp       X-rot       Y-rot       Z-rot
     1    0.0         0.0         0.0         0.0         0.0        -0.001036
     2    0.020194   -0.111863    0.0         0.0         0.0        -0.000711
     3    0.043865   -0.167547    0.0         0.0         0.0        -0.000200
     4    0.066235   -0.159022    0.0         0.0         0.0         0.000278
     5    0.082525   -0.094812    0.0         0.0         0.0         0.000638
     6    0.087955    0.0         0.0         0.0         0.0         0.000759
     7    0.100000   -0.061762    0.0         0.0         0.0        -0.000878
     8    0.078067   -0.149299    0.0         0.0         0.0        -0.000465
     9    0.055047   -0.172502    0.0         0.0         0.0         0.000047
    10    0.035717   -0.134378    0.0         0.0         0.0         0.000491
    11    0.024857   -0.048974    0.0         0.0         0.0         0.000675
F R A M E   E L E M E N T   E N D   F O R C E S				(local)
  Elmnt  Node       Nx          Vy         Vz        Txx        Myy        Mzz
     1      1    -48.802t      0.0        0.0        0.0        0.0        0.0  
     1      2     48.802t      0.0        0.0        0.0        0.0        0.002
     2      2    -57.206t      0.0        0.0        0.0        0.0       -0.001
     2      3     57.206t      0.0        0.0        0.0        0.0        0.001
     3      3    -54.061t      0.0        0.0        0.0        0.0       -0.002
     3      4     54.061t      0.0        0.0        0.0        0.0        0.001
     4      4    -39.366t      0.0        0.0        0.0        0.0       -0.002
     4      5     39.366t      0.0        0.0        0.0        0.0       -0.000
     5      5    -13.122t      0.0        0.0        0.0        0.0       -0.002
     5      6     13.122t      0.0        0.0        0.0        0.0       -0.001
     6      1      8.403c      0.0        0.0        0.0        0.0        0.0  
     6      7     -8.403c      0.0        0.0        0.0        0.0        0.001
     7      2     -8.403t      0.0        0.0        0.0        0.0        0.000
     7      7      8.403t      0.0        0.0        0.0        0.0       -0.001
     8      7     53.004c      0.0        0.0        0.0        0.0       -0.000
     8      8    -53.004c      0.0        0.0        0.0        0.0        0.002
     9      2      8.403c      0.0        0.0        0.0        0.0       -0.001
     9      8     -8.403c      0.0        0.0        0.0        0.0        0.000
    10      8      3.145c      0.0        0.0        0.0        0.0       -0.001
    10      3     -3.145c      0.0        0.0        0.0        0.0        0.001
    11      8     55.634c      0.0        0.0        0.0        0.0       -0.001
    11      9    -55.634c      0.0        0.0        0.0        0.0        0.001
    12      3     -3.145t      0.0        0.0        0.0        0.0       -0.000
    12      9      3.145t      0.0        0.0        0.0        0.0        0.001
    13      9     14.692c      0.0        0.0        0.0        0.0       -0.000
    13      4    -14.692c      0.0        0.0        0.0        0.0        0.001
    14      9     46.714c      0.0        0.0        0.0        0.0       -0.002
    14     10    -46.714c      0.0        0.0        0.0        0.0        0.000
    15      4    -14.692t      0.0        0.0        0.0        0.0        0.000
    15     10     14.692t      0.0        0.0        0.0        0.0        0.001
    16      5     26.240c      0.0        0.0        0.0        0.0        0.001
    16     10    -26.240c      0.0        0.0        0.0        0.0        0.001
    17     10     26.244c      0.0        0.0        0.0        0.0       -0.002
    17     11    -26.244c      0.0        0.0        0.0        0.0       -0.001
    18      5    -26.240t      0.0        0.0        0.0        0.0        0.001
    18     11     26.240t      0.0        0.0        0.0        0.0        0.001
    19      6     26.240c      0.0        0.0        0.0        0.0        0.001
    19     11    -26.240c      0.0        0.0        0.0        0.0        0.001
R E A C T I O N S							(global)
  Node        Fx          Fy          Fz         Mxx         Myy         Mzz
     1     -44.599       7.277       0.000       0.000       0.000       0.0  
     2       0.0         0.0         0.000       0.000       0.000       0.0  
     3       0.0         0.0         0.000       0.000       0.000       0.0  
     4       0.0         0.0         0.000       0.000       0.000       0.0  
     5       0.0         0.0         0.000       0.000       0.000       0.0  
     6       0.0        22.723       0.000       0.000       0.000       0.0  
     7      44.599       0.0         0.000       0.000       0.000       0.0  
     8       0.0         0.0         0.000       0.000       0.000       0.0  
     9       0.0         0.0         0.000       0.000       0.000       0.0  
    10       0.0         0.0         0.000       0.000       0.000       0.0  
    11       0.0         0.0         0.000       0.000       0.000       0.0  
R M S    R E L A T I V E    E Q U I L I B R I U M    E R R O R: 2.804e-18

________________________________________________________________________________
Frame3DD version: 20140514+               http://frame3dd.sf.net/
GPL Copyright (C) 1992-2014, Henri P. Gavin 
Frame3DD is distributed in the hope that it will be useful but with no warranty.
For details see the GNU Public Licence: http://www.fsf.org/copyleft/gpl.html
________________________________________________________________________________

Warren Truss Prototype-00 (kips in)  
Fri Oct  3 17:46:21 2014
________________________________________________________________________________
In 2D problems the Y-axis is vertical.  In 3D problems the Z-axis is vertical.
________________________________________________________________________________
   11 NODES             11 FIXED NODES       19 FRAME ELEMENTS   1 LOAD CASES   
________________________________________________________________________________
N O D E   D A T A                                           R E S T R A I N T S
  Node       X              Y              Z         radius  Fx Fy Fz Mx My Mz
    1       0.000000       0.000000       0.000000    0.000   1  1  1  1  1  0
    2     120.000000       0.000000       0.000000    0.000   0  0  1  1  1  0
    3     240.000000       0.000000       0.000000    0.000   0  0  1  1  1  0
    4     360.000000       0.000000       0.000000    0.000   0  0  1  1  1  0
    5     480.000000       0.000000       0.000000    0.000   0  0  1  1  1  0
    6     600.000000       0.000000       0.000000    0.000   0  1  1  1  1  0
    7      60.000000     103.900000       0.000000    0.000   1  0  1  1  1  0
    8     180.000000     103.900000       0.000000    0.000   0  0  1  1  1  0
    9     300.000000     103.900000       0.000000    0.000   0  0  1  1  1  0
   10     420.000000     103.900000       0.000000    0.000   0  0  1  1  1  0
   11     540.000000     103.900000       0.000000    0.000   0  0  1  1  1  0
F R A M E   E L E M E N T   D A T A					(local)
  Elmnt  J1    J2     Ax   Asy   Asz    Jxx     Iyy     Izz       E       G roll  density
    1     1     2   10.0   1.0   1.0    1.0     1.0     0.0  29000.0 11500.0   0 7.33e-07
    2     2     3   10.0   1.0   1.0    1.0     1.0     0.0  29000.0 11500.0   0 7.33e-07
    3     3     4   10.0   1.0   1.0    1.0     1.0     0.0  29000.0 11500.0   0 7.33e-07
    4     4     5   10.0   1.0   1.0    1.0     1.0     0.0  29000.0 11500.0   0 7.33e-07
    5     5     6   10.0   1.0   1.0    1.0     1.0     0.0  29000.0 11500.0   0 7.33e-07
    6     1     7   10.0   1.0   1.0    1.0     1.0     0.0  29000.0 11500.0   0 7.33e-07
    7     2     7   10.0   1.0   1.0    1.0     1.0     0.0  29000.0 11500.0   0 7.33e-07
    8     7     8   10.0   1.0   1.0    1.0     1.0     0.0  29000.0 11500.0   0 7.33e-07
    9     2     8   10.0   1.0   1.0    1.0     1.0     0.0  29000.0 11500.0   0 7.33e-07
   10     8     3   10.0   1.0   1.0    1.0     1.0     0.0  29000.0 11500.0   0 7.33e-07
   11     8     9   10.0   1.0   1.0    1.0     1.0     0.0  29000.0 11500.0   0 7.33e-07
   12     3     9   10.0   1.0   1.0    1.0     1.0     0.0  29000.0 11500.0   0 7.33e-07
   13     9     4   10.0   1.0   1.0    1.0     1.0     0.0  29000.0 11500.0   0 7.33e-07
   14     9    10   10.0   1.0   1.0    1.0     1.0     0.0  29000.0 11500.0   0 7.33e-07
   15     4    10   10.0   1.0   1.0    1.0     1.0     0.0  29000.0 11500.0   0 7.33e-07
   16     5    10   10.0   1.0   1.0    1.0     1.0     0.0  29000.0 11500.0   0 7.33e-07
   17    10    11   10.0   1.0   1.0    1.0     1.0     0.0  29000.0 11500.0   0 7.33e-07
   18     5    11   10.0   1.0   1.0    1.0     1.0     0.0  29000.0 11500.0   0 7.33e-07
   19     6    11   10.0   1.0   1.0    1.0     1.0     0.0  29000.0 11500.0   0 7.33e-07
  Neglect shear deformations.
  Neglect geometric stiffness.

L O A D   C A S E   1   O F   1  ... 

   Gravity X =  0.0    Gravity Y =  0.0    Gravity Z =  0.0 
   3 concentrated loads
   0 uniformly distributed loads
   0 trapezoidally distributed loads
   0 concentrated point loads
   0 temperature loads
   1 prescribed displacements
 N O D A L   L O A D S  +  E Q U I V A L E N T   N O D A L   L O A D S  (global)
  Node        Fx          Fy          Fz          Mxx         Myy         Mzz
     8       0.000     -10.000       0.000       0.000       0.000       0.000
     9       0.000     -10.000       0.000       0.000       0.000       0.000
    10       0.000     -10.000       0.000       0.000       0.000       0.000

 P R E S C R I B E D   D I S P L A C E M E N T S                        (global)
  Node        Dx          Dy          Dz          Dxx         Dyy         Dzz
     7       0.100       0.000       0.000       0.000       0.000       0.000

E L A S T I C   S T I F F N E S S   A N A L Y S I S   via  L D L'  decomposition


L O A D   C A S E   1   O F   1  ... 

N O D E   D I S P L A C E M E N T S  					(global)
  Node    X-dsp       Y-dsp       Z-dsp       X-rot       Y-rot       Z-rot
     1    0.0         0.0         0.0         0.0         0.0        -0.001036
     2    0.020194   -0.111863    0.0         0.0         0.0        -0.000711
     3    0.043865   -0.167547    0.0         0.0         0.0        -0.000200
     4    0.066235   -0.159022    0.0         0.0         0.0         0.000278
     5    0.082525   -0.094812    0.0         0.0         0.0         0.000638
     6    0.087955    0.0         0.0         0.0         0.0         0.000759
     7    0.100000   -0.061762    0.0         0.0         0.0        -0.000878
     8    0.078067   -0.149299    0.0         0.0         0.0        -0.000465
     9    0.055047   -0.172502    0.0         0.0         0.0         0.000047
    10    0.035717   -0.134378    0.0         0.0         0.0         0.000491
    11    0.024857   -0.048974    0.0         0.0         0.0         0.000675
F R A M E   E L E M E N T   E N D   F O R C E S				(local)
  Elmnt  Node       Nx          Vy         Vz        Txx        Myy        Mzz
     1      1    -48.802t      0.0        0.0        0.0        0.0        0.0  
     1      2     48.802t      0.0        0.0        0.0        0.0        0.002
     2      2    -57.206t      0.0        0.0        0.0        0.0       -0.001
     2      3     57.206t      0.0        0.0        0.0        0.0        0.001
     3      3    -54.061t      0.0        0.0        0.0        0.0       -0.002
     3      4     54.061t      0.0        0.0        0.0        0.0        0.001
     4      4    -39.366t      0.0        0.0        0.0        0.0       -0.002
     4      5     39.366t      0.0        0.0        0.0        0.0       -0.000
     5      5    -13.122t      0.0        0.0        0.0        0.0       -0.002
     5      6     13.122t      0.0        0.0        0.0        0.0       -0.001
     6      1      8.403c      0.0        0.0        0.0        0.0        0.0  
     6      7     -8.403c      0.0        0.0        0.0        0.0        0.001
     7      2     -8.403t      0.0        0.0        0.0        0.0        0.000
     7      7      8.403t      0.0        0.0        0.0        0.0       -0.001
     8      7     53.004c      0.0        0.0        0.0        0.0       -0.000
     8      8    -53.004c      0.0        0.0        0.0        0.0        0.002
     9      2      8.403c      0.0        0.0        0.0        0.0       -0.001
     9      8     -8.403c      0.0        0.0        0.0        0.0        0.000
    10      8      3.145c      0.0        0.0        0.0        0.0       -0.001
    10      3     -3.145c      0.0        0.0        0.0        0.0        0.001
    11      8     55.634c      0.0        0.0        0.0        0.0       -0.001
    11      9    -55.634c      0.0        0.0        0.0        0.0        0.001
    12      3     -3.145t      0.0        0.0        0.0        0.0       -0.000
    12      9      3.145t      0.0        0.0        0.0        0.0        0.001
    13      9     14.692c      0.0        0.0        0.0        0.0       -0.000
    13      4    -14.692c      0.0        0.0        0.0        0.0        0.001
    14      9     46.714c      0.0        0.0        0.0        0.0       -0.002
    14     10    -46.714c      0.0        0.0        0.0        0.0        0.000
    15      4    -14.692t      0.0        0.0        0.0        0.0        0.000
    15     10     14.692t      0.0        0.0        0.0        0.0        0.001
    16      5     26.240c      0.0        0.0        0.0        0.0        0.001
    16     10    -26.240c      0.0        0.0        0.0        0.0        0.001
    17     10     26.244c      0.0        0.0        0.0        0.0       -0.002
    17     11    -26.244c      0.0        0.0        0.0        0.0       -0.001
    18      5    -26.240t      0.0        0.0        0.0        0.0        0.001
    18     11     26.240t      0.0        0.0        0.0        0.0        0.001
    19      6     26.240c      0.0        0.0        0.0        0.0        0.001
    19     11    -26.240c      0.0        0.0        0.0        0.0        0.001
R E A C T I O N S							(global)
  Node        Fx          Fy          Fz         Mxx         Myy         Mzz
     1     -44.599       7.277       0.000       0.000       0.000       0.0  
     2       0.0         0.0         0.000       0.000       0.000       0.0  
     3       0.0         0.0         0.000       0.000       0.000       0.0  
     4       0.0         0.0         0.000       0.000       0.000       0.0  
     5       0.0         0.0         0.000       0.000       0.000       0.0  
     6       0.0        22.723       0.000       0.000       0.000       0.0  
     7      44.599       0.0         0.000       0.000       0.000       0.0  
     8       0.0         0.0         0.000       0.000       0.000       0.0  
     9       0.0         0.0         0.000       0.000       0.000       0.0  
    10       0.0         0.0         0.000       0.000       0.000       0.0  
    11       0.0         0.0         0.000       0.000       0.000       0.0  
R M S    R E L A T I V E    E Q U I L I B R I U M    E R R O R: 2.804e-18

